{"contracts/governance/AavePropositionPower.sol":{"l":{"26":85,"27":84,"28":168},"path":"/src/contracts/governance/AavePropositionPower.sol","s":{"1":85,"2":84,"3":168},"b":{"1":[84,1]},"f":{"1":85},"fnMap":{"1":{"name":"constructor","line":18,"loc":{"start":{"line":18,"column":4},"end":{"line":25,"column":77}}}},"statementMap":{"1":{"start":{"line":26,"column":8},"end":{"line":26,"column":74}},"2":{"start":{"line":27,"column":8},"end":{"line":27,"column":1000}},"3":{"start":{"line":28,"column":12},"end":{"line":28,"column":37}}},"branchMap":{"1":{"line":26,"type":"if","locations":[{"start":{"line":26,"column":8},"end":{"line":26,"column":8}},{"start":{"line":26,"column":8},"end":{"line":26,"column":8}}]}}},"contracts/governance/AaveProtoGovernance.sol":{"l":{"149":84,"154":1,"177":39,"178":39,"181":39,"182":39,"183":39,"186":38,"187":37,"188":36,"189":35,"194":33,"208":33,"210":33,"230":31,"231":30,"239":29,"240":29,"258":31,"259":29,"265":36,"266":36,"267":36,"268":36,"269":36,"275":24,"276":24,"277":24,"278":24,"285":15,"286":15,"287":15,"292":55,"310":28,"317":25,"323":5,"324":5,"325":4,"341":4,"342":4,"343":3,"350":3,"364":80,"365":80,"366":78,"367":78,"368":77,"369":76,"370":76,"373":75,"374":6,"377":75,"378":75,"379":75,"380":75,"381":75,"382":75,"383":75,"384":75,"385":75,"386":75,"388":75,"390":75,"397":76,"398":76,"399":75,"400":27,"401":60,"402":24,"403":24,"415":16,"416":16,"417":16,"419":16,"421":15,"426":15,"427":15,"428":15,"429":15,"430":15,"431":15,"432":15,"449":9,"450":9,"452":6,"453":6,"454":6,"455":6,"456":6,"457":3,"461":6,"463":3,"474":23,"476":23,"477":19,"478":17,"480":16,"482":16,"483":10,"484":10,"485":9,"487":3,"489":3,"491":15,"499":29,"500":29,"501":29,"502":29,"503":29,"512":34,"513":34,"514":34,"515":34,"516":102,"517":34,"518":34,"521":34,"540":159,"541":157,"542":157,"543":157,"544":157,"545":157,"546":157,"547":157,"548":157,"549":157,"550":157,"551":157,"552":157,"566":81,"567":79,"568":79,"569":79,"570":79,"571":79,"572":79,"579":111,"580":108,"581":108,"582":108,"588":1},"path":"/src/contracts/governance/AaveProtoGovernance.sol","s":{"1":84,"2":1,"3":39,"4":39,"5":39,"6":39,"7":38,"8":37,"9":36,"10":35,"11":33,"12":33,"13":33,"14":31,"15":30,"16":29,"17":29,"18":31,"19":29,"20":36,"21":36,"22":36,"23":36,"24":24,"25":24,"26":24,"27":24,"28":15,"29":15,"30":15,"31":55,"32":28,"33":25,"34":5,"35":5,"36":4,"37":4,"38":4,"39":3,"40":3,"41":80,"42":80,"43":78,"44":78,"45":77,"46":76,"47":76,"48":75,"49":6,"50":75,"51":75,"52":75,"53":75,"54":75,"55":75,"56":75,"57":75,"58":75,"59":75,"60":75,"61":75,"62":76,"63":76,"64":75,"65":27,"66":60,"67":24,"68":24,"69":16,"70":16,"71":16,"72":16,"73":15,"74":15,"75":15,"76":15,"77":15,"78":15,"79":15,"80":15,"81":9,"82":9,"83":6,"84":6,"85":6,"86":6,"87":6,"88":3,"89":6,"90":3,"91":23,"92":23,"93":19,"94":17,"95":16,"96":16,"97":10,"98":10,"99":9,"100":6,"101":3,"102":3,"103":15,"104":29,"105":29,"106":29,"107":29,"108":29,"109":34,"110":34,"111":34,"112":34,"113":102,"114":34,"115":34,"116":34,"117":159,"118":157,"119":157,"120":157,"121":157,"122":157,"123":157,"124":157,"125":157,"126":157,"127":157,"128":157,"129":157,"130":81,"131":79,"132":79,"133":79,"134":79,"135":79,"136":79,"137":111,"138":108,"139":108,"140":108,"141":1},"b":{"1":[38,1],"2":[37,1],"3":[36,1],"4":[35,1],"5":[33,2],"6":[30,1],"7":[29,1],"8":[28,1],"9":[4,1],"10":[3,1],"11":[78,2],"12":[77,1],"13":[76,1],"14":[75,1],"15":[6,69],"16":[75,1],"17":[27,48],"18":[24,36],"19":[15,1],"20":[6,3],"21":[3,3],"22":[3,3],"23":[19,4],"24":[17,2],"25":[16,1],"26":[10,6],"27":[9,1],"28":[3,3],"29":[34,68],"30":[157,2],"31":[79,2],"32":[108,3]},"f":{"1":84,"2":1,"3":39,"4":31,"5":29,"6":31,"7":36,"8":24,"9":15,"10":55,"11":28,"12":5,"13":4,"14":80,"15":76,"16":16,"17":9,"18":23,"19":29,"20":34,"21":159,"22":81,"23":111,"24":1},"fnMap":{"1":{"name":"constructor","line":148,"loc":{"start":{"line":148,"column":4},"end":{"line":148,"column":66}}},"2":{"name":"","line":153,"loc":{"start":{"line":153,"column":4},"end":{"line":153,"column":29}}},"3":{"name":"newProposal","line":169,"loc":{"start":{"line":169,"column":4},"end":{"line":176,"column":16}}},"4":{"name":"verifyParamsConsistencyAndSignature","line":224,"loc":{"start":{"line":224,"column":4},"end":{"line":229,"column":19}}},"5":{"name":"verifyNonce","line":238,"loc":{"start":{"line":238,"column":4},"end":{"line":238,"column":94}}},"6":{"name":"validateRelayAction","line":250,"loc":{"start":{"line":250,"column":4},"end":{"line":257,"column":17}}},"7":{"name":"internalMoveToVoting","line":264,"loc":{"start":{"line":264,"column":4},"end":{"line":264,"column":61}}},"8":{"name":"internalMoveToValidating","line":274,"loc":{"start":{"line":274,"column":4},"end":{"line":274,"column":65}}},"9":{"name":"internalMoveToExecuted","line":284,"loc":{"start":{"line":284,"column":4},"end":{"line":284,"column":63}}},"10":{"name":"submitVoteByVoter","line":291,"loc":{"start":{"line":291,"column":4},"end":{"line":291,"column":88}}},"11":{"name":"submitVoteByRelayer","line":301,"loc":{"start":{"line":301,"column":4},"end":{"line":309,"column":14}}},"12":{"name":"cancelVoteByVoter","line":322,"loc":{"start":{"line":322,"column":4},"end":{"line":322,"column":58}}},"13":{"name":"cancelVoteByRelayer","line":334,"loc":{"start":{"line":334,"column":4},"end":{"line":340,"column":14}}},"14":{"name":"internalSubmitVote","line":363,"loc":{"start":{"line":363,"column":4},"end":{"line":363,"column":105}}},"15":{"name":"tryToMoveToValidating","line":396,"loc":{"start":{"line":396,"column":4},"end":{"line":396,"column":60}}},"16":{"name":"internalCancelVote","line":414,"loc":{"start":{"line":414,"column":4},"end":{"line":414,"column":75}}},"17":{"name":"challengeVoters","line":447,"loc":{"start":{"line":447,"column":4},"end":{"line":447,"column":84}}},"18":{"name":"resolveProposal","line":473,"loc":{"start":{"line":473,"column":4},"end":{"line":473,"column":56}}},"19":{"name":"getLimitBlockOfProposal","line":498,"loc":{"start":{"line":498,"column":4},"end":{"line":498,"column":104}}},"20":{"name":"getLeadingChoice","line":511,"loc":{"start":{"line":511,"column":4},"end":{"line":511,"column":77}}},"21":{"name":"getProposalBasicData","line":527,"loc":{"start":{"line":527,"column":4},"end":{"line":539,"column":7}}},"22":{"name":"getVoterData","line":559,"loc":{"start":{"line":559,"column":4},"end":{"line":565,"column":7}}},"23":{"name":"getVotesData","line":578,"loc":{"start":{"line":578,"column":4},"end":{"line":578,"column":85}}},"24":{"name":"getGovParamsProvider","line":587,"loc":{"start":{"line":587,"column":4},"end":{"line":587,"column":83}}}},"statementMap":{"1":{"start":{"line":149,"column":8},"end":{"line":149,"column":45}},"2":{"start":{"line":154,"column":8},"end":{"line":154,"column":41}},"3":{"start":{"line":177,"column":8},"end":{"line":177,"column":74}},"4":{"start":{"line":178,"column":8},"end":{"line":178,"column":84}},"5":{"start":{"line":182,"column":12},"end":{"line":182,"column":82}},"6":{"start":{"line":183,"column":12},"end":{"line":183,"column":9341}},"7":{"start":{"line":186,"column":12},"end":{"line":186,"column":68}},"8":{"start":{"line":187,"column":12},"end":{"line":187,"column":98}},"9":{"start":{"line":188,"column":12},"end":{"line":188,"column":106}},"10":{"start":{"line":189,"column":12},"end":{"line":189,"column":9856}},"11":{"start":{"line":194,"column":8},"end":{"line":194,"column":10036}},"12":{"start":{"line":208,"column":8},"end":{"line":208,"column":40}},"13":{"start":{"line":210,"column":8},"end":{"line":210,"column":10655}},"14":{"start":{"line":230,"column":8},"end":{"line":230,"column":82}},"15":{"start":{"line":231,"column":8},"end":{"line":231,"column":115}},"16":{"start":{"line":239,"column":8},"end":{"line":239,"column":59}},"17":{"start":{"line":240,"column":8},"end":{"line":240,"column":87}},"18":{"start":{"line":258,"column":8},"end":{"line":258,"column":106}},"19":{"start":{"line":259,"column":8},"end":{"line":259,"column":55}},"20":{"start":{"line":265,"column":8},"end":{"line":265,"column":59}},"21":{"start":{"line":266,"column":8},"end":{"line":266,"column":55}},"22":{"start":{"line":267,"column":8},"end":{"line":267,"column":54}},"23":{"start":{"line":269,"column":8},"end":{"line":269,"column":71}},"24":{"start":{"line":275,"column":8},"end":{"line":275,"column":59}},"25":{"start":{"line":276,"column":8},"end":{"line":276,"column":59}},"26":{"start":{"line":277,"column":8},"end":{"line":277,"column":54}},"27":{"start":{"line":278,"column":8},"end":{"line":278,"column":50}},"28":{"start":{"line":285,"column":8},"end":{"line":285,"column":59}},"29":{"start":{"line":286,"column":8},"end":{"line":286,"column":57}},"30":{"start":{"line":287,"column":8},"end":{"line":287,"column":48}},"31":{"start":{"line":292,"column":8},"end":{"line":292,"column":65}},"32":{"start":{"line":310,"column":8},"end":{"line":310,"column":15264}},"33":{"start":{"line":317,"column":8},"end":{"line":317,"column":61}},"34":{"start":{"line":323,"column":8},"end":{"line":323,"column":59}},"35":{"start":{"line":324,"column":8},"end":{"line":324,"column":91}},"36":{"start":{"line":325,"column":8},"end":{"line":325,"column":50}},"37":{"start":{"line":341,"column":8},"end":{"line":341,"column":59}},"38":{"start":{"line":342,"column":8},"end":{"line":342,"column":91}},"39":{"start":{"line":343,"column":8},"end":{"line":343,"column":16756}},"40":{"start":{"line":350,"column":8},"end":{"line":350,"column":46}},"41":{"start":{"line":364,"column":8},"end":{"line":364,"column":59}},"42":{"start":{"line":365,"column":8},"end":{"line":365,"column":91}},"43":{"start":{"line":366,"column":8},"end":{"line":366,"column":109}},"44":{"start":{"line":367,"column":8},"end":{"line":367,"column":59}},"45":{"start":{"line":368,"column":8},"end":{"line":368,"column":60}},"46":{"start":{"line":369,"column":8},"end":{"line":369,"column":61}},"47":{"start":{"line":370,"column":8},"end":{"line":370,"column":63}},"48":{"start":{"line":373,"column":8},"end":{"line":373,"column":18502}},"49":{"start":{"line":374,"column":12},"end":{"line":374,"column":50}},"50":{"start":{"line":377,"column":8},"end":{"line":377,"column":49}},"51":{"start":{"line":378,"column":8},"end":{"line":378,"column":67}},"52":{"start":{"line":379,"column":8},"end":{"line":379,"column":57}},"53":{"start":{"line":380,"column":8},"end":{"line":380,"column":72}},"54":{"start":{"line":381,"column":8},"end":{"line":381,"column":54}},"55":{"start":{"line":382,"column":8},"end":{"line":382,"column":25}},"56":{"start":{"line":383,"column":8},"end":{"line":383,"column":34}},"57":{"start":{"line":384,"column":8},"end":{"line":384,"column":41}},"58":{"start":{"line":385,"column":8},"end":{"line":385,"column":27}},"59":{"start":{"line":386,"column":8},"end":{"line":386,"column":39}},"60":{"start":{"line":388,"column":8},"end":{"line":388,"column":99}},"61":{"start":{"line":390,"column":8},"end":{"line":390,"column":41}},"62":{"start":{"line":397,"column":8},"end":{"line":397,"column":59}},"63":{"start":{"line":398,"column":8},"end":{"line":398,"column":91}},"64":{"start":{"line":399,"column":8},"end":{"line":399,"column":19710}},"65":{"start":{"line":400,"column":12},"end":{"line":400,"column":19818}},"66":{"start":{"line":401,"column":16},"end":{"line":401,"column":19885}},"67":{"start":{"line":402,"column":20},"end":{"line":402,"column":56}},"68":{"start":{"line":403,"column":20},"end":{"line":403,"column":26}},"69":{"start":{"line":415,"column":8},"end":{"line":415,"column":59}},"70":{"start":{"line":416,"column":8},"end":{"line":416,"column":54}},"71":{"start":{"line":417,"column":8},"end":{"line":417,"column":41}},"72":{"start":{"line":419,"column":8},"end":{"line":419,"column":62}},"73":{"start":{"line":421,"column":8},"end":{"line":421,"column":20726}},"74":{"start":{"line":426,"column":8},"end":{"line":426,"column":57}},"75":{"start":{"line":427,"column":8},"end":{"line":427,"column":23}},"76":{"start":{"line":428,"column":8},"end":{"line":428,"column":24}},"77":{"start":{"line":429,"column":8},"end":{"line":429,"column":21}},"78":{"start":{"line":430,"column":8},"end":{"line":430,"column":39}},"79":{"start":{"line":431,"column":8},"end":{"line":431,"column":39}},"80":{"start":{"line":432,"column":8},"end":{"line":432,"column":21132}},"81":{"start":{"line":449,"column":8},"end":{"line":449,"column":59}},"82":{"start":{"line":450,"column":8},"end":{"line":450,"column":99}},"83":{"start":{"line":452,"column":8},"end":{"line":452,"column":21897}},"84":{"start":{"line":453,"column":12},"end":{"line":453,"column":46}},"85":{"start":{"line":454,"column":12},"end":{"line":454,"column":65}},"86":{"start":{"line":455,"column":12},"end":{"line":455,"column":78}},"87":{"start":{"line":456,"column":12},"end":{"line":456,"column":22155}},"88":{"start":{"line":457,"column":16},"end":{"line":457,"column":61}},"89":{"start":{"line":461,"column":8},"end":{"line":461,"column":22291}},"90":{"start":{"line":463,"column":12},"end":{"line":463,"column":44}},"91":{"start":{"line":474,"column":8},"end":{"line":474,"column":59}},"92":{"start":{"line":476,"column":8},"end":{"line":476,"column":99}},"93":{"start":{"line":477,"column":8},"end":{"line":477,"column":139}},"94":{"start":{"line":478,"column":8},"end":{"line":478,"column":135}},"95":{"start":{"line":480,"column":8},"end":{"line":480,"column":62}},"96":{"start":{"line":482,"column":8},"end":{"line":482,"column":23549}},"97":{"start":{"line":483,"column":12},"end":{"line":483,"column":108}},"98":{"start":{"line":484,"column":12},"end":{"line":484,"column":72}},"99":{"start":{"line":485,"column":12},"end":{"line":485,"column":97}},"100":{"start":{"line":486,"column":15},"end":{"line":486,"column":23875}},"101":{"start":{"line":487,"column":12},"end":{"line":487,"column":96}},"102":{"start":{"line":489,"column":12},"end":{"line":489,"column":101}},"103":{"start":{"line":491,"column":8},"end":{"line":491,"column":42}},"104":{"start":{"line":499,"column":8},"end":{"line":499,"column":58}},"105":{"start":{"line":500,"column":8},"end":{"line":500,"column":76}},"106":{"start":{"line":501,"column":8},"end":{"line":501,"column":70}},"107":{"start":{"line":502,"column":8},"end":{"line":502,"column":78}},"108":{"start":{"line":503,"column":8},"end":{"line":503,"column":24907}},"109":{"start":{"line":512,"column":8},"end":{"line":512,"column":34}},"110":{"start":{"line":513,"column":8},"end":{"line":513,"column":34}},"111":{"start":{"line":514,"column":8},"end":{"line":514,"column":59}},"112":{"start":{"line":515,"column":8},"end":{"line":515,"column":25439}},"113":{"start":{"line":516,"column":12},"end":{"line":516,"column":25502}},"114":{"start":{"line":517,"column":16},"end":{"line":517,"column":33}},"115":{"start":{"line":518,"column":16},"end":{"line":518,"column":50}},"116":{"start":{"line":521,"column":8},"end":{"line":521,"column":29}},"117":{"start":{"line":540,"column":8},"end":{"line":540,"column":69}},"118":{"start":{"line":541,"column":8},"end":{"line":541,"column":59}},"119":{"start":{"line":542,"column":8},"end":{"line":542,"column":41}},"120":{"start":{"line":543,"column":8},"end":{"line":543,"column":39}},"121":{"start":{"line":544,"column":8},"end":{"line":544,"column":67}},"122":{"start":{"line":545,"column":8},"end":{"line":545,"column":47}},"123":{"start":{"line":546,"column":8},"end":{"line":546,"column":61}},"124":{"start":{"line":547,"column":8},"end":{"line":547,"column":69}},"125":{"start":{"line":548,"column":8},"end":{"line":548,"column":65}},"126":{"start":{"line":549,"column":8},"end":{"line":549,"column":55}},"127":{"start":{"line":550,"column":8},"end":{"line":550,"column":58}},"128":{"start":{"line":551,"column":8},"end":{"line":551,"column":53}},"129":{"start":{"line":552,"column":8},"end":{"line":552,"column":45}},"130":{"start":{"line":566,"column":8},"end":{"line":566,"column":69}},"131":{"start":{"line":567,"column":8},"end":{"line":567,"column":75}},"132":{"start":{"line":568,"column":8},"end":{"line":568,"column":26}},"133":{"start":{"line":569,"column":8},"end":{"line":569,"column":30}},"134":{"start":{"line":570,"column":8},"end":{"line":570,"column":32}},"135":{"start":{"line":571,"column":8},"end":{"line":571,"column":28}},"136":{"start":{"line":572,"column":8},"end":{"line":572,"column":28}},"137":{"start":{"line":579,"column":8},"end":{"line":579,"column":69}},"138":{"start":{"line":580,"column":8},"end":{"line":580,"column":59}},"139":{"start":{"line":581,"column":8},"end":{"line":581,"column":93}},"140":{"start":{"line":582,"column":8},"end":{"line":582,"column":21}},"141":{"start":{"line":588,"column":8},"end":{"line":588,"column":41}}},"branchMap":{"1":{"line":183,"type":"if","locations":[{"start":{"line":183,"column":12},"end":{"line":183,"column":12}},{"start":{"line":183,"column":12},"end":{"line":183,"column":12}}]},"2":{"line":186,"type":"if","locations":[{"start":{"line":186,"column":12},"end":{"line":186,"column":12}},{"start":{"line":186,"column":12},"end":{"line":186,"column":12}}]},"3":{"line":187,"type":"if","locations":[{"start":{"line":187,"column":12},"end":{"line":187,"column":12}},{"start":{"line":187,"column":12},"end":{"line":187,"column":12}}]},"4":{"line":188,"type":"if","locations":[{"start":{"line":188,"column":12},"end":{"line":188,"column":12}},{"start":{"line":188,"column":12},"end":{"line":188,"column":12}}]},"5":{"line":189,"type":"if","locations":[{"start":{"line":189,"column":12},"end":{"line":189,"column":12}},{"start":{"line":189,"column":12},"end":{"line":189,"column":12}}]},"6":{"line":230,"type":"if","locations":[{"start":{"line":230,"column":8},"end":{"line":230,"column":8}},{"start":{"line":230,"column":8},"end":{"line":230,"column":8}}]},"7":{"line":231,"type":"if","locations":[{"start":{"line":231,"column":8},"end":{"line":231,"column":8}},{"start":{"line":231,"column":8},"end":{"line":231,"column":8}}]},"8":{"line":240,"type":"if","locations":[{"start":{"line":240,"column":8},"end":{"line":240,"column":8}},{"start":{"line":240,"column":8},"end":{"line":240,"column":8}}]},"9":{"line":324,"type":"if","locations":[{"start":{"line":324,"column":8},"end":{"line":324,"column":8}},{"start":{"line":324,"column":8},"end":{"line":324,"column":8}}]},"10":{"line":342,"type":"if","locations":[{"start":{"line":342,"column":8},"end":{"line":342,"column":8}},{"start":{"line":342,"column":8},"end":{"line":342,"column":8}}]},"11":{"line":365,"type":"if","locations":[{"start":{"line":365,"column":8},"end":{"line":365,"column":8}},{"start":{"line":365,"column":8},"end":{"line":365,"column":8}}]},"12":{"line":367,"type":"if","locations":[{"start":{"line":367,"column":8},"end":{"line":367,"column":8}},{"start":{"line":367,"column":8},"end":{"line":367,"column":8}}]},"13":{"line":368,"type":"if","locations":[{"start":{"line":368,"column":8},"end":{"line":368,"column":8}},{"start":{"line":368,"column":8},"end":{"line":368,"column":8}}]},"14":{"line":370,"type":"if","locations":[{"start":{"line":370,"column":8},"end":{"line":370,"column":8}},{"start":{"line":370,"column":8},"end":{"line":370,"column":8}}]},"15":{"line":373,"type":"if","locations":[{"start":{"line":373,"column":8},"end":{"line":373,"column":8}},{"start":{"line":373,"column":8},"end":{"line":373,"column":8}}]},"16":{"line":398,"type":"if","locations":[{"start":{"line":398,"column":8},"end":{"line":398,"column":8}},{"start":{"line":398,"column":8},"end":{"line":398,"column":8}}]},"17":{"line":399,"type":"if","locations":[{"start":{"line":399,"column":8},"end":{"line":399,"column":8}},{"start":{"line":399,"column":8},"end":{"line":399,"column":8}}]},"18":{"line":401,"type":"if","locations":[{"start":{"line":401,"column":16},"end":{"line":401,"column":16}},{"start":{"line":401,"column":16},"end":{"line":401,"column":16}}]},"19":{"line":419,"type":"if","locations":[{"start":{"line":419,"column":8},"end":{"line":419,"column":8}},{"start":{"line":419,"column":8},"end":{"line":419,"column":8}}]},"20":{"line":450,"type":"if","locations":[{"start":{"line":450,"column":8},"end":{"line":450,"column":8}},{"start":{"line":450,"column":8},"end":{"line":450,"column":8}}]},"21":{"line":456,"type":"if","locations":[{"start":{"line":456,"column":12},"end":{"line":456,"column":12}},{"start":{"line":456,"column":12},"end":{"line":456,"column":12}}]},"22":{"line":461,"type":"if","locations":[{"start":{"line":461,"column":8},"end":{"line":461,"column":8}},{"start":{"line":461,"column":8},"end":{"line":461,"column":8}}]},"23":{"line":476,"type":"if","locations":[{"start":{"line":476,"column":8},"end":{"line":476,"column":8}},{"start":{"line":476,"column":8},"end":{"line":476,"column":8}}]},"24":{"line":477,"type":"if","locations":[{"start":{"line":477,"column":8},"end":{"line":477,"column":8}},{"start":{"line":477,"column":8},"end":{"line":477,"column":8}}]},"25":{"line":478,"type":"if","locations":[{"start":{"line":478,"column":8},"end":{"line":478,"column":8}},{"start":{"line":478,"column":8},"end":{"line":478,"column":8}}]},"26":{"line":482,"type":"if","locations":[{"start":{"line":482,"column":8},"end":{"line":482,"column":8}},{"start":{"line":482,"column":8},"end":{"line":482,"column":8}}]},"27":{"line":484,"type":"if","locations":[{"start":{"line":484,"column":12},"end":{"line":484,"column":12}},{"start":{"line":484,"column":12},"end":{"line":484,"column":12}}]},"28":{"line":486,"type":"if","locations":[{"start":{"line":486,"column":15},"end":{"line":486,"column":15}},{"start":{"line":486,"column":15},"end":{"line":486,"column":15}}]},"29":{"line":516,"type":"if","locations":[{"start":{"line":516,"column":12},"end":{"line":516,"column":12}},{"start":{"line":516,"column":12},"end":{"line":516,"column":12}}]},"30":{"line":540,"type":"if","locations":[{"start":{"line":540,"column":8},"end":{"line":540,"column":8}},{"start":{"line":540,"column":8},"end":{"line":540,"column":8}}]},"31":{"line":566,"type":"if","locations":[{"start":{"line":566,"column":8},"end":{"line":566,"column":8}},{"start":{"line":566,"column":8},"end":{"line":566,"column":8}}]},"32":{"line":579,"type":"if","locations":[{"start":{"line":579,"column":8},"end":{"line":579,"column":8}},{"start":{"line":579,"column":8},"end":{"line":579,"column":8}}]}}},"contracts/governance/AssetVotingWeightProvider.sol":{"l":{"21":85,"22":84,"23":168,"31":127,"32":127,"40":3,"47":171,"48":171,"49":171},"path":"/src/contracts/governance/AssetVotingWeightProvider.sol","s":{"1":85,"2":84,"3":168,"4":127,"5":127,"6":3,"7":171,"8":171,"9":171},"b":{"1":[84,1]},"f":{"1":85,"2":127,"3":3,"4":171},"fnMap":{"1":{"name":"constructor","line":20,"loc":{"start":{"line":20,"column":4},"end":{"line":20,"column":72}}},"2":{"name":"getVotingWeight","line":30,"loc":{"start":{"line":30,"column":4},"end":{"line":30,"column":70}}},"3":{"name":"setVotingWeight","line":39,"loc":{"start":{"line":39,"column":4},"end":{"line":39,"column":77}}},"4":{"name":"internalSetVotingWeight","line":46,"loc":{"start":{"line":46,"column":4},"end":{"line":46,"column":75}}}},"statementMap":{"1":{"start":{"line":21,"column":8},"end":{"line":21,"column":88}},"2":{"start":{"line":22,"column":8},"end":{"line":22,"column":1015}},"3":{"start":{"line":23,"column":12},"end":{"line":23,"column":59}},"4":{"start":{"line":31,"column":8},"end":{"line":31,"column":39}},"5":{"start":{"line":32,"column":8},"end":{"line":32,"column":35}},"6":{"start":{"line":40,"column":8},"end":{"line":40,"column":47}},"7":{"start":{"line":47,"column":8},"end":{"line":47,"column":39}},"8":{"start":{"line":48,"column":8},"end":{"line":48,"column":37}},"9":{"start":{"line":49,"column":8},"end":{"line":49,"column":56}}},"branchMap":{"1":{"line":21,"type":"if","locations":[{"start":{"line":21,"column":8},"end":{"line":21,"column":8}},{"start":{"line":21,"column":8},"end":{"line":21,"column":8}}]}}},"contracts/governance/GovernanceParamsProvider.sol":{"l":{"26":84,"27":84,"28":84,"34":3,"40":3,"46":3,"52":87,"53":87,"59":87,"60":87,"66":87,"67":87,"73":41,"79":41,"85":80},"path":"/src/contracts/governance/GovernanceParamsProvider.sol","s":{"1":84,"2":84,"3":84,"4":3,"5":3,"6":3,"7":87,"8":87,"9":87,"10":87,"11":87,"12":87,"13":41,"14":41,"15":80},"b":{},"f":{"1":84,"2":3,"3":3,"4":3,"5":87,"6":87,"7":87,"8":41,"9":41,"10":80},"fnMap":{"1":{"name":"constructor","line":21,"loc":{"start":{"line":21,"column":4},"end":{"line":25,"column":14}}},"2":{"name":"setPropositionPowerThreshold","line":33,"loc":{"start":{"line":33,"column":4},"end":{"line":33,"column":94}}},"3":{"name":"setPropositionPower","line":39,"loc":{"start":{"line":39,"column":4},"end":{"line":39,"column":75}}},"4":{"name":"setAssetVotingWeightProvider","line":45,"loc":{"start":{"line":45,"column":4},"end":{"line":45,"column":113}}},"5":{"name":"internalSetPropositionPowerThreshold","line":51,"loc":{"start":{"line":51,"column":4},"end":{"line":51,"column":92}}},"6":{"name":"internalSetPropositionPower","line":58,"loc":{"start":{"line":58,"column":4},"end":{"line":58,"column":73}}},"7":{"name":"internalSetAssetVotingWeightProvider","line":65,"loc":{"start":{"line":65,"column":4},"end":{"line":65,"column":111}}},"8":{"name":"getPropositionPower","line":72,"loc":{"start":{"line":72,"column":4},"end":{"line":72,"column":62}}},"9":{"name":"getPropositionPowerThreshold","line":78,"loc":{"start":{"line":78,"column":4},"end":{"line":78,"column":72}}},"10":{"name":"getAssetVotingWeightProvider","line":84,"loc":{"start":{"line":84,"column":4},"end":{"line":84,"column":91}}}},"statementMap":{"1":{"start":{"line":26,"column":8},"end":{"line":26,"column":71}},"2":{"start":{"line":27,"column":8},"end":{"line":27,"column":53}},"3":{"start":{"line":28,"column":8},"end":{"line":28,"column":71}},"4":{"start":{"line":34,"column":8},"end":{"line":34,"column":71}},"5":{"start":{"line":40,"column":8},"end":{"line":40,"column":53}},"6":{"start":{"line":46,"column":8},"end":{"line":46,"column":71}},"7":{"start":{"line":52,"column":8},"end":{"line":52,"column":61}},"8":{"start":{"line":53,"column":8},"end":{"line":53,"column":81}},"9":{"start":{"line":59,"column":8},"end":{"line":59,"column":43}},"10":{"start":{"line":60,"column":8},"end":{"line":60,"column":63}},"11":{"start":{"line":66,"column":8},"end":{"line":66,"column":61}},"12":{"start":{"line":67,"column":8},"end":{"line":67,"column":81}},"13":{"start":{"line":73,"column":8},"end":{"line":73,"column":31}},"14":{"start":{"line":79,"column":8},"end":{"line":79,"column":40}},"15":{"start":{"line":85,"column":8},"end":{"line":85,"column":40}}},"branchMap":{}},"contracts/interfaces/IAaveProtoGovernance.sol":{"l":{},"path":"/src/contracts/interfaces/IAaveProtoGovernance.sol","s":{},"b":{},"f":{},"fnMap":{},"statementMap":{},"branchMap":{}},"contracts/interfaces/IAssetVotingWeightProvider.sol":{"l":{},"path":"/src/contracts/interfaces/IAssetVotingWeightProvider.sol","s":{},"b":{},"f":{},"fnMap":{},"statementMap":{},"branchMap":{}},"contracts/interfaces/IGovernanceParamsProvider.sol":{"l":{},"path":"/src/contracts/interfaces/IGovernanceParamsProvider.sol","s":{},"b":{},"f":{},"fnMap":{},"statementMap":{},"branchMap":{}},"contracts/interfaces/ILendingPoolAddressesProvider.sol":{"l":{},"path":"/src/contracts/interfaces/ILendingPoolAddressesProvider.sol","s":{},"b":{},"f":{},"fnMap":{},"statementMap":{},"branchMap":{}},"contracts/interfaces/IProposalExecutor.sol":{"l":{},"path":"/src/contracts/interfaces/IProposalExecutor.sol","s":{},"b":{},"f":{},"fnMap":{},"statementMap":{},"branchMap":{}}}